2012-08-29 12:17:16 Notice: Notice (1024): Please change the value of 'Security.salt' in app/config/core.php to a salt value specific to your application in [/var/www/simkeda/cake/libs/debugger.php, line 697]
2012-08-29 12:17:16 Notice: Notice (1024): Please change the value of 'Security.cipherSeed' in app/config/core.php to a numeric (digits only) seed value specific to your application in [/var/www/simkeda/cake/libs/debugger.php, line 701]
2012-08-29 12:23:14 Notice: Notice (1024): Please change the value of 'Security.cipherSeed' in app/config/core.php to a numeric (digits only) seed value specific to your application in [/var/www/simkeda/cake/libs/debugger.php, line 701]
2012-09-07 00:22:03 Notice: Notice (8): Undefined variable: vendor in [/var/www/tgr/app/controllers/skpd_controller.php, line 36]
2012-09-07 02:38:44 Notice: Notice (8): Undefined variable: skpd in [/var/www/tgr/app/controllers/pns_controller.php, line 42]
2012-09-07 02:43:36 Notice: Notice (8): Undefined variable: skpd in [/var/www/tgr/app/controllers/pns_controller.php, line 42]
2012-09-07 02:44:34 Notice: Notice (8): Undefined variable: skpd in [/var/www/tgr/app/controllers/pns_controller.php, line 42]
2012-09-07 02:46:08 Notice: Notice (8): Undefined variable: skpd in [/var/www/tgr/app/controllers/pns_controller.php, line 42]
2012-09-12 19:35:06 Notice: Notice (8): Undefined variable: un_id in [/var/www/tgr/app/controllers/dpa_controller.php, line 47]
2012-09-12 19:35:07 Notice: Notice (8): Undefined variable: un_id in [/var/www/tgr/app/controllers/dpa_controller.php, line 48]
2012-09-12 19:37:43 Notice: Notice (8): Undefined variable: un_id in [/var/www/tgr/app/controllers/dpa_controller.php, line 47]
2012-09-12 19:37:43 Notice: Notice (8): Undefined variable: un_id in [/var/www/tgr/app/controllers/dpa_controller.php, line 48]
2012-09-12 19:40:32 Notice: Notice (8): Undefined variable: un_id in [/var/www/tgr/app/controllers/dpa_controller.php, line 47]
2012-09-12 19:40:32 Notice: Notice (8): Undefined variable: un_id in [/var/www/tgr/app/controllers/dpa_controller.php, line 48]
2012-09-12 19:57:31 Notice: Notice (8): Undefined variable: page in [/var/www/tgr/app/controllers/dpa_controller.php, line 140]
2012-09-12 21:11:47 Notice: Notice (8): Undefined variable: un_id in [/var/www/tgr/app/controllers/dpa_controller.php, line 171]
2012-09-12 21:11:47 Notice: Notice (8): Undefined variable: un_id in [/var/www/tgr/app/controllers/dpa_controller.php, line 175]
2012-09-12 21:12:20 Notice: Notice (8): Undefined variable: un_id in [/var/www/tgr/app/controllers/dpa_controller.php, line 171]
2012-09-12 21:12:20 Notice: Notice (8): Undefined variable: un_id in [/var/www/tgr/app/controllers/dpa_controller.php, line 175]
2012-09-12 23:05:22 Notice: Notice (8): Undefined variable: ayear in [/var/www/tgr/app/controllers/skpd_controller.php, line 43]
2012-09-12 23:05:22 Notice: Notice (8): Undefined variable: ayear in [/var/www/tgr/app/controllers/skpd_controller.php, line 44]
2012-09-13 04:52:55 Notice: Notice (8): Undefined index: spdd_id in [/var/www/tgr/app/controllers/spdper_controller.php, line 198]
2012-09-13 10:38:01 Notice: Notice (8): Undefined index: spdd_id in [/var/www/tgr/app/controllers/spdper_controller.php, line 198]
2012-09-13 11:22:58 Notice: Notice (8): Undefined index: spdd_id in [/var/www/tgr/app/controllers/spdper_controller.php, line 198]
2012-09-14 10:24:43 Notice: Notice (8): Undefined variable: ayear in [/var/www/tgr/app/controllers/spdper_controller.php, line 76]
2012-09-14 10:24:43 Notice: Notice (8): Undefined variable: ayear in [/var/www/tgr/app/controllers/spdper_controller.php, line 79]
2012-09-14 10:33:33 Notice: Notice (8): Undefined variable: ayear in [/var/www/tgr/app/controllers/spdper_controller.php, line 84]
2012-09-14 10:33:33 Notice: Notice (8): Undefined variable: ayear in [/var/www/tgr/app/controllers/spdper_controller.php, line 85]
2012-09-14 10:45:48 Notice: Notice (8): Array to string conversion in [/var/www/tgr/cake/libs/model/datasources/dbo_source.php, line 2216]
2012-09-15 01:10:27 Notice: Notice (8): Undefined variable: spdmasterlist in [/var/www/tgr/app/controllers/regspd_controller.php, line 41]
2012-09-25 19:14:35 Notice: Notice (8): Undefined index: sppd_id in [/var/www/tgr/app/controllers/spp_controller.php, line 558]
2012-09-30 00:20:40 Notice: Notice (8): Undefined variable: limit in [/var/www/tgr/app/controllers/kegiatan_controller.php, line 25]
2012-09-30 00:20:40 Notice: Notice (8): Undefined variable: page in [/var/www/tgr/app/controllers/kegiatan_controller.php, line 25]
2012-09-30 00:20:40 Notice: Notice (8): Undefined variable: dataall in [/var/www/tgr/app/controllers/kegiatan_controller.php, line 30]
2012-09-30 00:21:40 Notice: Notice (8): Undefined variable: limit in [/var/www/tgr/app/controllers/kegiatan_controller.php, line 25]
2012-09-30 00:21:40 Notice: Notice (8): Undefined variable: page in [/var/www/tgr/app/controllers/kegiatan_controller.php, line 25]
2012-09-30 00:21:40 Notice: Notice (8): Undefined variable: dataall in [/var/www/tgr/app/controllers/kegiatan_controller.php, line 30]
2012-09-30 00:24:15 Notice: Notice (8): Undefined variable: page in [/var/www/tgr/app/controllers/kegiatan_controller.php, line 31]
2012-09-30 00:24:15 Notice: Notice (8): Undefined variable: dataall in [/var/www/tgr/app/controllers/kegiatan_controller.php, line 36]
2012-09-30 00:24:15 Notice: Notice (8): Undefined variable: page in [/var/www/tgr/app/controllers/kegiatan_controller.php, line 31]
2012-09-30 00:24:15 Notice: Notice (8): Undefined variable: dataall in [/var/www/tgr/app/controllers/kegiatan_controller.php, line 36]
2012-09-30 00:24:49 Notice: Notice (8): Undefined variable: dataall in [/var/www/tgr/app/controllers/kegiatan_controller.php, line 36]
2012-09-30 00:31:41 Notice: Notice (8): Undefined variable: dpa in [/var/www/tgr/app/controllers/kegiatan_controller.php, line 65]
2012-09-30 00:35:13 Notice: Notice (8): Undefined variable: dataall in [/var/www/tgr/app/controllers/kegiatan_controller.php, line 72]
