2012-09-06 15:37:26 Warning: Warning (2): pg_pconnect() [http://php.net/function.pg-pconnect]: Unable to connect to PostgreSQL server: FATAL:  database "simkeda" does not exist in [/var/www/tgr/cake/libs/model/datasources/dbo/dbo_postgres.php, line 121]
2012-09-06 15:37:26 Warning: Warning (2): pg_query() expects parameter 1 to be resource, boolean given in [/var/www/tgr/cake/libs/model/datasources/dbo/dbo_postgres.php, line 167]
2012-09-06 15:37:26 Warning: Warning (2): pg_last_error() expects parameter 1 to be resource, boolean given in [/var/www/tgr/cake/libs/model/datasources/dbo/dbo_postgres.php, line 342]
2012-09-06 15:37:26 Warning: Warning (2): Cannot modify header information - headers already sent by (output started at /var/www/tgr/cake/libs/debugger.php:686) in [/var/www/tgr/cake/libs/controller/controller.php, line 742]
2012-09-06 15:48:09 Warning: Warning (2): pg_pconnect() [http://php.net/function.pg-pconnect]: Unable to connect to PostgreSQL server: FATAL:  database "simkeda" does not exist in [/var/www/tgr/cake/libs/model/datasources/dbo/dbo_postgres.php, line 121]
2012-09-06 15:48:09 Warning: Warning (2): pg_query() expects parameter 1 to be resource, boolean given in [/var/www/tgr/cake/libs/model/datasources/dbo/dbo_postgres.php, line 167]
2012-09-06 15:48:09 Warning: Warning (2): pg_last_error() expects parameter 1 to be resource, boolean given in [/var/www/tgr/cake/libs/model/datasources/dbo/dbo_postgres.php, line 342]
2012-09-06 15:48:09 Warning: Warning (2): Cannot modify header information - headers already sent by (output started at /var/www/tgr/cake/libs/debugger.php:686) in [/var/www/tgr/cake/libs/controller/controller.php, line 742]
2012-09-06 16:33:22 Warning: Warning (2): pg_pconnect() [http://php.net/function.pg-pconnect]: Unable to connect to PostgreSQL server: FATAL:  database "simkeda" does not exist in [/var/www/tgr/cake/libs/model/datasources/dbo/dbo_postgres.php, line 121]
2012-09-06 16:33:22 Warning: Warning (2): pg_query() expects parameter 1 to be resource, boolean given in [/var/www/tgr/cake/libs/model/datasources/dbo/dbo_postgres.php, line 167]
2012-09-06 16:33:22 Warning: Warning (2): pg_last_error() expects parameter 1 to be resource, boolean given in [/var/www/tgr/cake/libs/model/datasources/dbo/dbo_postgres.php, line 342]
2012-09-06 16:33:22 Warning: Warning (2): Cannot modify header information - headers already sent by (output started at /var/www/tgr/cake/libs/debugger.php:686) in [/var/www/tgr/cake/libs/controller/controller.php, line 742]
2012-09-06 22:06:01 Warning: Warning (2): pg_pconnect() [http://php.net/function.pg-pconnect]: Unable to connect to PostgreSQL server: FATAL:  database "simkeda" does not exist in [/var/www/tgr/cake/libs/model/datasources/dbo/dbo_postgres.php, line 121]
2012-09-06 22:06:01 Warning: Warning (2): pg_query() expects parameter 1 to be resource, boolean given in [/var/www/tgr/cake/libs/model/datasources/dbo/dbo_postgres.php, line 167]
2012-09-06 22:06:01 Warning: Warning (2): pg_last_error() expects parameter 1 to be resource, boolean given in [/var/www/tgr/cake/libs/model/datasources/dbo/dbo_postgres.php, line 342]
2012-09-06 22:06:01 Warning: Warning (2): Cannot modify header information - headers already sent by (output started at /var/www/tgr/cake/libs/debugger.php:686) in [/var/www/tgr/cake/libs/controller/controller.php, line 742]
2012-09-06 23:59:03 Warning: Warning (2): pg_pconnect() [http://php.net/function.pg-pconnect]: Unable to connect to PostgreSQL server: FATAL:  database "simkeda" does not exist in [/var/www/tgr/cake/libs/model/datasources/dbo/dbo_postgres.php, line 121]
2012-09-06 23:59:03 Warning: Warning (2): pg_query() expects parameter 1 to be resource, boolean given in [/var/www/tgr/cake/libs/model/datasources/dbo/dbo_postgres.php, line 167]
2012-09-06 23:59:03 Warning: Warning (2): pg_last_error() expects parameter 1 to be resource, boolean given in [/var/www/tgr/cake/libs/model/datasources/dbo/dbo_postgres.php, line 342]
2012-09-06 23:59:03 Warning: Warning (2): Cannot modify header information - headers already sent by (output started at /var/www/tgr/cake/libs/debugger.php:686) in [/var/www/tgr/cake/libs/controller/controller.php, line 742]
2012-09-07 00:09:41 Warning: Warning (2): pg_pconnect() [http://php.net/function.pg-pconnect]: Unable to connect to PostgreSQL server: FATAL:  database "simkeda" does not exist in [/var/www/tgr/cake/libs/model/datasources/dbo/dbo_postgres.php, line 121]
2012-09-07 00:09:41 Warning: Warning (2): pg_query() expects parameter 1 to be resource, boolean given in [/var/www/tgr/cake/libs/model/datasources/dbo/dbo_postgres.php, line 167]
2012-09-07 00:09:41 Warning: Warning (2): pg_last_error() expects parameter 1 to be resource, boolean given in [/var/www/tgr/cake/libs/model/datasources/dbo/dbo_postgres.php, line 342]
2012-09-07 00:09:41 Warning: Warning (2): Cannot modify header information - headers already sent by (output started at /var/www/tgr/cake/libs/debugger.php:686) in [/var/www/tgr/cake/libs/controller/controller.php, line 742]
2012-09-07 00:09:45 Warning: Warning (2): pg_pconnect() [http://php.net/function.pg-pconnect]: Unable to connect to PostgreSQL server: FATAL:  database "simkeda" does not exist in [/var/www/tgr/cake/libs/model/datasources/dbo/dbo_postgres.php, line 121]
2012-09-07 00:09:45 Warning: Warning (2): pg_query() expects parameter 1 to be resource, boolean given in [/var/www/tgr/cake/libs/model/datasources/dbo/dbo_postgres.php, line 167]
2012-09-07 00:09:45 Warning: Warning (2): pg_last_error() expects parameter 1 to be resource, boolean given in [/var/www/tgr/cake/libs/model/datasources/dbo/dbo_postgres.php, line 342]
2012-09-07 00:09:55 Warning: Warning (2): pg_pconnect() [http://php.net/function.pg-pconnect]: Unable to connect to PostgreSQL server: FATAL:  database "simkeda" does not exist in [/var/www/tgr/cake/libs/model/datasources/dbo/dbo_postgres.php, line 121]
2012-09-07 00:09:55 Warning: Warning (2): pg_query() expects parameter 1 to be resource, boolean given in [/var/www/tgr/cake/libs/model/datasources/dbo/dbo_postgres.php, line 167]
2012-09-07 00:09:55 Warning: Warning (2): pg_last_error() expects parameter 1 to be resource, boolean given in [/var/www/tgr/cake/libs/model/datasources/dbo/dbo_postgres.php, line 342]
2012-09-07 00:14:35 Warning: Warning (2): pg_pconnect() [http://php.net/function.pg-pconnect]: Unable to connect to PostgreSQL server: FATAL:  database "simkeda" does not exist in [/var/www/tgr/cake/libs/model/datasources/dbo/dbo_postgres.php, line 121]
2012-09-07 00:14:35 Warning: Warning (2): pg_query() expects parameter 1 to be resource, boolean given in [/var/www/tgr/cake/libs/model/datasources/dbo/dbo_postgres.php, line 167]
2012-09-07 00:14:35 Warning: Warning (2): pg_last_error() expects parameter 1 to be resource, boolean given in [/var/www/tgr/cake/libs/model/datasources/dbo/dbo_postgres.php, line 342]
2012-09-07 00:15:21 Warning: Warning (2): pg_pconnect() [http://php.net/function.pg-pconnect]: Unable to connect to PostgreSQL server: FATAL:  database "simkeda" does not exist in [/var/www/tgr/cake/libs/model/datasources/dbo/dbo_postgres.php, line 121]
2012-09-07 00:15:21 Warning: Warning (2): pg_query() expects parameter 1 to be resource, boolean given in [/var/www/tgr/cake/libs/model/datasources/dbo/dbo_postgres.php, line 167]
2012-09-07 00:15:21 Warning: Warning (2): pg_last_error() expects parameter 1 to be resource, boolean given in [/var/www/tgr/cake/libs/model/datasources/dbo/dbo_postgres.php, line 342]
2012-09-07 00:15:21 Warning: Warning (2): Cannot modify header information - headers already sent by (output started at /var/www/tgr/cake/libs/debugger.php:686) in [/var/www/tgr/cake/libs/controller/controller.php, line 742]
2012-09-07 02:53:40 Warning: Warning (2): pg_query() [http://php.net/function.pg-query]: Query failed: ERROR:  column Pns.un_kode does not exist
LINE 1: ...*) AS "count" FROM "pns" AS "Pns"   WHERE ((lower("Pns"."un_...
                                                             ^ in [/var/www/tgr/cake/libs/model/datasources/dbo/dbo_postgres.php, line 167]
2012-09-07 02:53:40 Warning: Warning (512): <span style="color:Red;text-align:left"><b>SQL Error:</b> ERROR:  column Pns.un_kode does not exist
LINE 1: ...*) AS "count" FROM "pns" AS "Pns"   WHERE ((lower("Pns"."un_...
                                                             ^</span> in [/var/www/tgr/cake/libs/model/datasources/dbo_source.php, line 684]
2012-09-07 02:53:41 Warning: Warning (2): pg_query() [http://php.net/function.pg-query]: Query failed: ERROR:  column Pns.un_kode does not exist
LINE 1: ...*) AS "count" FROM "pns" AS "Pns"   WHERE ((lower("Pns"."un_...
                                                             ^ in [/var/www/tgr/cake/libs/model/datasources/dbo/dbo_postgres.php, line 167]
2012-09-07 02:53:41 Warning: Warning (512): <span style="color:Red;text-align:left"><b>SQL Error:</b> ERROR:  column Pns.un_kode does not exist
LINE 1: ...*) AS "count" FROM "pns" AS "Pns"   WHERE ((lower("Pns"."un_...
                                                             ^</span> in [/var/www/tgr/cake/libs/model/datasources/dbo_source.php, line 684]
